✅ Loading existing EfficientNet model from models/deepfake_detector_v2.h5...
WARNING:absl:No training configuration found in the save file, so the model was *not* compiled. Compile it manually.
✅ Loading existing audio model from models/audio_deepfake_detector.h5...
WARNING:absl:Compiled the loaded model, but the compiled metrics have yet to be built. `model.compile_metrics` will be empty until you train or evaluate the model.
✅ Loading existing XceptionNet model from models/xception_deepfake_detector.h5...
WARNING:absl:No training configuration found in the save file, so the model was *not* compiled. Compile it manually.
EfficientNet Prediction: 0.412000447511673, XceptionNet Prediction: 0.4849499464035034
Final Score: 0.448475182056427
✅ Loading existing EfficientNet model from models/deepfake_detector_v2.h5...
WARNING:absl:No training configuration found in the save file, so the model was *not* compiled. Compile it manually.
✅ Loading existing audio model from models/audio_deepfake_detector.h5...
WARNING:absl:Compiled the loaded model, but the compiled metrics have yet to be built. `model.compile_metrics` will be empty until you train or evaluate the model.
✅ Loading existing XceptionNet model from models/xception_deepfake_detector.h5...
WARNING:absl:No training configuration found in the save file, so the model was *not* compiled. Compile it manually.
EfficientNet Prediction: 0.412000447511673, XceptionNet Prediction: 0.4849499464035034
Final Score: 0.448475182056427
✅ Loading existing EfficientNet model from models/deepfake_detector_v2.h5...
WARNING:absl:No training configuration found in the save file, so the model was *not* compiled. Compile it manually.
✅ Loading existing audio model from models/audio_deepfake_detector.h5...
WARNING:absl:Compiled the loaded model, but the compiled metrics have yet to be built. `model.compile_metrics` will be empty until you train or evaluate the model.
✅ Loading existing XceptionNet model from models/xception_deepfake_detector.h5...
WARNING:absl:No training configuration found in the save file, so the model was *not* compiled. Compile it manually.
EfficientNet Prediction: 0.412000447511673, XceptionNet Prediction: 0.4849499464035034
Final Score: 0.448475182056427
